[ 2014-09-04T19:44:37+08:00 ] 127.0.0.1 /weibo/
INFO: [ app_init ] --START--
INFO: Run Behavior\BuildLiteBehavior [ RunTime:0.000000s ]
INFO: [ app_init ] --END-- [ RunTime:0.000000s ]
INFO: [ app_begin ] --START--
INFO: Run Behavior\ReadHtmlCacheBehavior [ RunTime:0.000000s ]
INFO: [ app_begin ] --END-- [ RunTime:0.000000s ]
INFO: [ view_parse ] --START--
INFO: [ template_filter ] --START--
INFO: Run Behavior\ContentReplaceBehavior [ RunTime:0.000000s ]
INFO: [ template_filter ] --END-- [ RunTime:0.000000s ]
INFO: Run Behavior\ParseTemplateBehavior [ RunTime:0.015625s ]
INFO: [ view_parse ] --END-- [ RunTime:0.015625s ]
INFO: [ view_filter ] --START--
INFO: Run Behavior\WriteHtmlCacheBehavior [ RunTime:0.000000s ]
INFO: [ view_filter ] --END-- [ RunTime:0.000000s ]
INFO: [ app_end ] --START--
INFO: Run Behavior\ShowPageTraceBehavior [ RunTime:0.000000s ]
INFO: [ app_end ] --END-- [ RunTime:0.000000s ]

[ 2014-09-04T19:44:39+08:00 ] 127.0.0.1 /weibo/
INFO: [ app_init ] --START--
INFO: Run Behavior\BuildLiteBehavior [ RunTime:0.000000s ]
INFO: [ app_init ] --END-- [ RunTime:0.000000s ]
INFO: [ app_begin ] --START--
INFO: Run Behavior\ReadHtmlCacheBehavior [ RunTime:0.000000s ]
INFO: [ app_begin ] --END-- [ RunTime:0.000000s ]
INFO: [ view_parse ] --START--
INFO: [ template_filter ] --START--
INFO: Run Behavior\ContentReplaceBehavior [ RunTime:0.000000s ]
INFO: [ template_filter ] --END-- [ RunTime:0.000000s ]
INFO: Run Behavior\ParseTemplateBehavior [ RunTime:0.031250s ]
INFO: [ view_parse ] --END-- [ RunTime:0.031250s ]
INFO: [ view_filter ] --START--
INFO: Run Behavior\WriteHtmlCacheBehavior [ RunTime:0.000000s ]
INFO: [ view_filter ] --END-- [ RunTime:0.000000s ]
INFO: [ app_end ] --START--
INFO: Run Behavior\ShowPageTraceBehavior [ RunTime:0.000000s ]
INFO: [ app_end ] --END-- [ RunTime:0.000000s ]

[ 2014-09-04T19:44:41+08:00 ] 127.0.0.1 /weibo/File/upload.html
INFO: [ app_init ] --START--
INFO: Run Behavior\BuildLiteBehavior [ RunTime:0.000000s ]
INFO: [ app_init ] --END-- [ RunTime:0.015625s ]
INFO: [ app_begin ] --START--
INFO: Run Behavior\ReadHtmlCacheBehavior [ RunTime:0.000000s ]
INFO: [ app_begin ] --END-- [ RunTime:0.000000s ]
NOTIC: [2] call_user_func() expects parameter 1 to be a valid callback, no array or string given C:\wamp\www\weibo\ThinkPHP\Library\Think\Upload.class.php 第 170 行.

[ 2014-09-04T19:50:40+08:00 ] 127.0.0.1 /weibo/Index/
INFO: [ app_init ] --START--
INFO: Run Behavior\BuildLiteBehavior [ RunTime:0.000000s ]
INFO: [ app_init ] --END-- [ RunTime:0.015625s ]
INFO: [ app_begin ] --START--
INFO: Run Behavior\ReadHtmlCacheBehavior [ RunTime:0.015625s ]
INFO: [ app_begin ] --END-- [ RunTime:0.015625s ]

[ 2014-09-04T19:50:40+08:00 ] 127.0.0.1 /weibo/Login/index.html
INFO: [ app_init ] --START--
INFO: Run Behavior\BuildLiteBehavior [ RunTime:0.000000s ]
INFO: [ app_init ] --END-- [ RunTime:0.000000s ]
INFO: [ app_begin ] --START--
INFO: Run Behavior\ReadHtmlCacheBehavior [ RunTime:0.000000s ]
INFO: [ app_begin ] --END-- [ RunTime:0.000000s ]
INFO: [ view_parse ] --START--
INFO: [ template_filter ] --START--
INFO: Run Behavior\ContentReplaceBehavior [ RunTime:0.000000s ]
INFO: [ template_filter ] --END-- [ RunTime:0.000000s ]
INFO: Run Behavior\ParseTemplateBehavior [ RunTime:0.015625s ]
INFO: [ view_parse ] --END-- [ RunTime:0.015625s ]
INFO: [ view_filter ] --START--
INFO: Run Behavior\WriteHtmlCacheBehavior [ RunTime:0.000000s ]
INFO: [ view_filter ] --END-- [ RunTime:0.000000s ]
INFO: [ app_end ] --START--
INFO: Run Behavior\ShowPageTraceBehavior [ RunTime:0.015625s ]
INFO: [ app_end ] --END-- [ RunTime:0.015625s ]

[ 2014-09-04T19:50:40+08:00 ] 127.0.0.1 /weibo/Login/verify.html?a=b
INFO: [ app_init ] --START--
INFO: Run Behavior\BuildLiteBehavior [ RunTime:0.000000s ]
INFO: [ app_init ] --END-- [ RunTime:0.000000s ]
INFO: [ app_begin ] --START--
INFO: Run Behavior\ReadHtmlCacheBehavior [ RunTime:0.000000s ]
INFO: [ app_begin ] --END-- [ RunTime:0.000000s ]
INFO: [ app_end ] --START--
INFO: Run Behavior\ShowPageTraceBehavior [ RunTime:0.000000s ]
INFO: [ app_end ] --END-- [ RunTime:0.000000s ]

[ 2014-09-04T20:42:14+08:00 ] 127.0.0.1 /weibo/
INFO: [ app_init ] --START--
INFO: Run Behavior\BuildLiteBehavior [ RunTime:0.000000s ]
INFO: [ app_init ] --END-- [ RunTime:0.015625s ]
INFO: [ app_begin ] --START--
INFO: Run Behavior\ReadHtmlCacheBehavior [ RunTime:0.000000s ]
INFO: [ app_begin ] --END-- [ RunTime:0.000000s ]
INFO: [ view_parse ] --START--
INFO: [ template_filter ] --START--
INFO: Run Behavior\ContentReplaceBehavior [ RunTime:0.000000s ]
INFO: [ template_filter ] --END-- [ RunTime:0.000000s ]
INFO: Run Behavior\ParseTemplateBehavior [ RunTime:0.015625s ]
INFO: [ view_parse ] --END-- [ RunTime:0.015625s ]
INFO: [ view_filter ] --START--
INFO: Run Behavior\WriteHtmlCacheBehavior [ RunTime:0.015625s ]
INFO: [ view_filter ] --END-- [ RunTime:0.015625s ]
INFO: [ app_end ] --START--
INFO: Run Behavior\ShowPageTraceBehavior [ RunTime:0.000000s ]
INFO: [ app_end ] --END-- [ RunTime:0.000000s ]

[ 2014-09-04T20:42:54+08:00 ] 127.0.0.1 /weibo/
INFO: [ app_init ] --START--
INFO: Run Behavior\BuildLiteBehavior [ RunTime:0.000000s ]
INFO: [ app_init ] --END-- [ RunTime:0.000000s ]
INFO: [ app_begin ] --START--
INFO: Run Behavior\ReadHtmlCacheBehavior [ RunTime:0.000000s ]
INFO: [ app_begin ] --END-- [ RunTime:0.000000s ]
INFO: [ view_parse ] --START--
INFO: [ template_filter ] --START--
INFO: Run Behavior\ContentReplaceBehavior [ RunTime:0.000000s ]
INFO: [ template_filter ] --END-- [ RunTime:0.000000s ]
INFO: Run Behavior\ParseTemplateBehavior [ RunTime:0.031250s ]
INFO: [ view_parse ] --END-- [ RunTime:0.031250s ]
INFO: [ view_filter ] --START--
INFO: Run Behavior\WriteHtmlCacheBehavior [ RunTime:0.000000s ]
INFO: [ view_filter ] --END-- [ RunTime:0.000000s ]
INFO: [ app_end ] --START--
INFO: Run Behavior\ShowPageTraceBehavior [ RunTime:0.000000s ]
INFO: [ app_end ] --END-- [ RunTime:0.000000s ]

[ 2014-09-04T20:42:59+08:00 ] 127.0.0.1 /weibo/File/upload.html
INFO: [ app_init ] --START--
INFO: Run Behavior\BuildLiteBehavior [ RunTime:0.000000s ]
INFO: [ app_init ] --END-- [ RunTime:0.000000s ]
INFO: [ app_begin ] --START--
INFO: Run Behavior\ReadHtmlCacheBehavior [ RunTime:0.000000s ]
INFO: [ app_begin ] --END-- [ RunTime:0.000000s ]
NOTIC: [2] call_user_func() expects parameter 1 to be a valid callback, no array or string given C:\wamp\www\weibo\ThinkPHP\Library\Think\Upload.class.php 第 170 行.

[ 2014-09-04T20:42:59+08:00 ] 127.0.0.1 /weibo/File/upload.html
INFO: [ app_init ] --START--
INFO: Run Behavior\BuildLiteBehavior [ RunTime:0.000000s ]
INFO: [ app_init ] --END-- [ RunTime:0.000000s ]
INFO: [ app_begin ] --START--
INFO: Run Behavior\ReadHtmlCacheBehavior [ RunTime:0.000000s ]
INFO: [ app_begin ] --END-- [ RunTime:0.000000s ]
NOTIC: [2] call_user_func() expects parameter 1 to be a valid callback, no array or string given C:\wamp\www\weibo\ThinkPHP\Library\Think\Upload.class.php 第 170 行.

[ 2014-09-04T20:43:00+08:00 ] 127.0.0.1 /weibo/File/upload.html
INFO: [ app_init ] --START--
INFO: Run Behavior\BuildLiteBehavior [ RunTime:0.000000s ]
INFO: [ app_init ] --END-- [ RunTime:0.000000s ]
INFO: [ app_begin ] --START--
INFO: Run Behavior\ReadHtmlCacheBehavior [ RunTime:0.000000s ]
INFO: [ app_begin ] --END-- [ RunTime:0.000000s ]
NOTIC: [2] call_user_func() expects parameter 1 to be a valid callback, no array or string given C:\wamp\www\weibo\ThinkPHP\Library\Think\Upload.class.php 第 170 行.

[ 2014-09-04T20:43:00+08:00 ] 127.0.0.1 /weibo/File/upload.html
INFO: [ app_init ] --START--
INFO: Run Behavior\BuildLiteBehavior [ RunTime:0.000000s ]
INFO: [ app_init ] --END-- [ RunTime:0.015625s ]
INFO: [ app_begin ] --START--
INFO: Run Behavior\ReadHtmlCacheBehavior [ RunTime:0.000000s ]
INFO: [ app_begin ] --END-- [ RunTime:0.000000s ]
NOTIC: [2] call_user_func() expects parameter 1 to be a valid callback, no array or string given C:\wamp\www\weibo\ThinkPHP\Library\Think\Upload.class.php 第 170 行.

[ 2014-09-04T20:43:01+08:00 ] 127.0.0.1 /weibo/File/upload.html
INFO: [ app_init ] --START--
INFO: Run Behavior\BuildLiteBehavior [ RunTime:0.000000s ]
INFO: [ app_init ] --END-- [ RunTime:0.000000s ]
INFO: [ app_begin ] --START--
INFO: Run Behavior\ReadHtmlCacheBehavior [ RunTime:0.015625s ]
INFO: [ app_begin ] --END-- [ RunTime:0.015625s ]
NOTIC: [2] call_user_func() expects parameter 1 to be a valid callback, no array or string given C:\wamp\www\weibo\ThinkPHP\Library\Think\Upload.class.php 第 170 行.

[ 2014-09-04T20:43:02+08:00 ] 127.0.0.1 /weibo/File/upload.html
INFO: [ app_init ] --START--
INFO: Run Behavior\BuildLiteBehavior [ RunTime:0.000000s ]
INFO: [ app_init ] --END-- [ RunTime:0.000000s ]
INFO: [ app_begin ] --START--
INFO: Run Behavior\ReadHtmlCacheBehavior [ RunTime:0.000000s ]
INFO: [ app_begin ] --END-- [ RunTime:0.000000s ]
NOTIC: [2] call_user_func() expects parameter 1 to be a valid callback, no array or string given C:\wamp\www\weibo\ThinkPHP\Library\Think\Upload.class.php 第 170 行.

[ 2014-09-04T20:43:02+08:00 ] 127.0.0.1 /weibo/File/upload.html
INFO: [ app_init ] --START--
INFO: Run Behavior\BuildLiteBehavior [ RunTime:0.000000s ]
INFO: [ app_init ] --END-- [ RunTime:0.000000s ]
INFO: [ app_begin ] --START--
INFO: Run Behavior\ReadHtmlCacheBehavior [ RunTime:0.000000s ]
INFO: [ app_begin ] --END-- [ RunTime:0.000000s ]
NOTIC: [2] call_user_func() expects parameter 1 to be a valid callback, no array or string given C:\wamp\www\weibo\ThinkPHP\Library\Think\Upload.class.php 第 170 行.

[ 2014-09-04T20:43:03+08:00 ] 127.0.0.1 /weibo/File/upload.html
INFO: [ app_init ] --START--
INFO: Run Behavior\BuildLiteBehavior [ RunTime:0.000000s ]
INFO: [ app_init ] --END-- [ RunTime:0.000000s ]
INFO: [ app_begin ] --START--
INFO: Run Behavior\ReadHtmlCacheBehavior [ RunTime:0.015625s ]
INFO: [ app_begin ] --END-- [ RunTime:0.015625s ]
NOTIC: [2] call_user_func() expects parameter 1 to be a valid callback, no array or string given C:\wamp\www\weibo\ThinkPHP\Library\Think\Upload.class.php 第 170 行.

[ 2014-09-04T20:43:05+08:00 ] 127.0.0.1 /weibo/Home/Topic/publish
INFO: [ app_init ] --START--
INFO: Run Behavior\BuildLiteBehavior [ RunTime:0.000000s ]
INFO: [ app_init ] --END-- [ RunTime:0.015625s ]
INFO: [ app_begin ] --START--
INFO: Run Behavior\ReadHtmlCacheBehavior [ RunTime:0.000000s ]
INFO: [ app_begin ] --END-- [ RunTime:0.000000s ]
SQL: DESCRIBE weibo_image [ RunTime:0.000000s ]
SQL: INSERT INTO `weibo_image` (`data`) VALUES ('{\"thumb\":\".\\/Uploads\\/2014-09-04\\/180_54085e5290f56.jpg\",\"unfold\":\".\\/Uploads\\/2014-09-04\\/550_54085e5290f56.jpg\",\"source\":\".\\/Uploads\\/2014-09-04\\/54085e5290f56.jpg\"}') [ RunTime:0.000000s ]
SQL: INSERT INTO `weibo_image` (`data`) VALUES ('{\"thumb\":\".\\/Uploads\\/2014-09-04\\/180_54085e5331975.jpg\",\"unfold\":\".\\/Uploads\\/2014-09-04\\/550_54085e5331975.jpg\",\"source\":\".\\/Uploads\\/2014-09-04\\/54085e5331975.jpg\"}') [ RunTime:0.000000s ]
SQL: INSERT INTO `weibo_image` (`data`) VALUES ('{\"thumb\":\".\\/Uploads\\/2014-09-04\\/180_54085e53ca2dd.jpg\",\"unfold\":\".\\/Uploads\\/2014-09-04\\/550_54085e53ca2dd.jpg\",\"source\":\".\\/Uploads\\/2014-09-04\\/54085e53ca2dd.jpg\"}') [ RunTime:0.000000s ]
SQL: INSERT INTO `weibo_image` (`data`) VALUES ('{\"thumb\":\".\\/Uploads\\/2014-09-04\\/180_54085e5466ff3.jpg\",\"unfold\":\".\\/Uploads\\/2014-09-04\\/550_54085e5466ff3.jpg\",\"source\":\".\\/Uploads\\/2014-09-04\\/54085e5466ff3.jpg\"}') [ RunTime:0.000000s ]
SQL: INSERT INTO `weibo_image` (`data`) VALUES ('{\"thumb\":\".\\/Uploads\\/2014-09-04\\/180_54085e550b71b.jpg\",\"unfold\":\".\\/Uploads\\/2014-09-04\\/550_54085e550b71b.jpg\",\"source\":\".\\/Uploads\\/2014-09-04\\/54085e550b71b.jpg\"}') [ RunTime:0.000000s ]
SQL: INSERT INTO `weibo_image` (`data`) VALUES ('{\"thumb\":\".\\/Uploads\\/2014-09-04\\/180_54085e55a037a.jpg\",\"unfold\":\".\\/Uploads\\/2014-09-04\\/550_54085e55a037a.jpg\",\"source\":\".\\/Uploads\\/2014-09-04\\/54085e55a037a.jpg\"}') [ RunTime:0.000000s ]
SQL: INSERT INTO `weibo_image` (`data`) VALUES ('{\"thumb\":\".\\/Uploads\\/2014-09-04\\/180_54085e563d090.jpg\",\"unfold\":\".\\/Uploads\\/2014-09-04\\/550_54085e563d090.jpg\",\"source\":\".\\/Uploads\\/2014-09-04\\/54085e563d090.jpg\"}') [ RunTime:0.000000s ]
SQL: INSERT INTO `weibo_image` (`data`) VALUES ('{\"thumb\":\".\\/Uploads\\/2014-09-04\\/180_54085e56d1cef.jpg\",\"unfold\":\".\\/Uploads\\/2014-09-04\\/550_54085e56d1cef.jpg\",\"source\":\".\\/Uploads\\/2014-09-04\\/54085e56d1cef.jpg\"}') [ RunTime:0.000000s ]
SQL: DESCRIBE weibo_topic [ RunTime:0.000000s ]
SQL: INSERT INTO `weibo_topic` (`content`,`ip`,`uid`,`iid`,`create`) VALUES ('分享图片',2130706433,7,'35,36,37,38,39,40,41,42',1409834585) [ RunTime:0.000000s ]
INFO: [ app_end ] --START--
INFO: Run Behavior\ShowPageTraceBehavior [ RunTime:0.000000s ]
INFO: [ app_end ] --END-- [ RunTime:0.000000s ]

[ 2014-09-04T20:43:07+08:00 ] 127.0.0.1 /weibo/
INFO: [ app_init ] --START--
INFO: Run Behavior\BuildLiteBehavior [ RunTime:0.000000s ]
INFO: [ app_init ] --END-- [ RunTime:0.000000s ]
INFO: [ app_begin ] --START--
INFO: Run Behavior\ReadHtmlCacheBehavior [ RunTime:0.000000s ]
INFO: [ app_begin ] --END-- [ RunTime:0.000000s ]
INFO: [ view_parse ] --START--
INFO: [ template_filter ] --START--
INFO: Run Behavior\ContentReplaceBehavior [ RunTime:0.000000s ]
INFO: [ template_filter ] --END-- [ RunTime:0.000000s ]
INFO: Run Behavior\ParseTemplateBehavior [ RunTime:0.015625s ]
INFO: [ view_parse ] --END-- [ RunTime:0.015625s ]
INFO: [ view_filter ] --START--
INFO: Run Behavior\WriteHtmlCacheBehavior [ RunTime:0.000000s ]
INFO: [ view_filter ] --END-- [ RunTime:0.000000s ]
INFO: [ app_end ] --START--
INFO: Run Behavior\ShowPageTraceBehavior [ RunTime:0.000000s ]
INFO: [ app_end ] --END-- [ RunTime:0.000000s ]

[ 2014-09-04T20:43:57+08:00 ] 127.0.0.1 /weibo/
INFO: [ app_init ] --START--
INFO: Run Behavior\BuildLiteBehavior [ RunTime:0.000000s ]
INFO: [ app_init ] --END-- [ RunTime:0.000000s ]
INFO: [ app_begin ] --START--
INFO: Run Behavior\ReadHtmlCacheBehavior [ RunTime:0.000000s ]
INFO: [ app_begin ] --END-- [ RunTime:0.000000s ]
INFO: [ view_parse ] --START--
INFO: [ template_filter ] --START--
INFO: Run Behavior\ContentReplaceBehavior [ RunTime:0.000000s ]
INFO: [ template_filter ] --END-- [ RunTime:0.000000s ]
INFO: Run Behavior\ParseTemplateBehavior [ RunTime:0.015625s ]
INFO: [ view_parse ] --END-- [ RunTime:0.015625s ]
INFO: [ view_filter ] --START--
INFO: Run Behavior\WriteHtmlCacheBehavior [ RunTime:0.000000s ]
INFO: [ view_filter ] --END-- [ RunTime:0.000000s ]
INFO: [ app_end ] --START--
INFO: Run Behavior\ShowPageTraceBehavior [ RunTime:0.000000s ]
INFO: [ app_end ] --END-- [ RunTime:0.000000s ]

[ 2014-09-04T20:43:59+08:00 ] 127.0.0.1 /weibo/
INFO: [ app_init ] --START--
INFO: Run Behavior\BuildLiteBehavior [ RunTime:0.000000s ]
INFO: [ app_init ] --END-- [ RunTime:0.000000s ]
INFO: [ app_begin ] --START--
INFO: Run Behavior\ReadHtmlCacheBehavior [ RunTime:0.000000s ]
INFO: [ app_begin ] --END-- [ RunTime:0.000000s ]
INFO: [ view_parse ] --START--
INFO: [ template_filter ] --START--
INFO: Run Behavior\ContentReplaceBehavior [ RunTime:0.000000s ]
INFO: [ template_filter ] --END-- [ RunTime:0.000000s ]
INFO: Run Behavior\ParseTemplateBehavior [ RunTime:0.031250s ]
INFO: [ view_parse ] --END-- [ RunTime:0.031250s ]
INFO: [ view_filter ] --START--
INFO: Run Behavior\WriteHtmlCacheBehavior [ RunTime:0.000000s ]
INFO: [ view_filter ] --END-- [ RunTime:0.000000s ]
INFO: [ app_end ] --START--
INFO: Run Behavior\ShowPageTraceBehavior [ RunTime:0.000000s ]
INFO: [ app_end ] --END-- [ RunTime:0.000000s ]

[ 2014-09-04T20:44:04+08:00 ] 127.0.0.1 /weibo/File/upload.html
INFO: [ app_init ] --START--
INFO: Run Behavior\BuildLiteBehavior [ RunTime:0.000000s ]
INFO: [ app_init ] --END-- [ RunTime:0.000000s ]
INFO: [ app_begin ] --START--
INFO: Run Behavior\ReadHtmlCacheBehavior [ RunTime:0.000000s ]
INFO: [ app_begin ] --END-- [ RunTime:0.000000s ]
NOTIC: [2] call_user_func() expects parameter 1 to be a valid callback, no array or string given C:\wamp\www\weibo\ThinkPHP\Library\Think\Upload.class.php 第 170 行.

[ 2014-09-04T20:44:05+08:00 ] 127.0.0.1 /weibo/File/upload.html
INFO: [ app_init ] --START--
INFO: Run Behavior\BuildLiteBehavior [ RunTime:0.000000s ]
INFO: [ app_init ] --END-- [ RunTime:0.000000s ]
INFO: [ app_begin ] --START--
INFO: Run Behavior\ReadHtmlCacheBehavior [ RunTime:0.000000s ]
INFO: [ app_begin ] --END-- [ RunTime:0.000000s ]
NOTIC: [2] call_user_func() expects parameter 1 to be a valid callback, no array or string given C:\wamp\www\weibo\ThinkPHP\Library\Think\Upload.class.php 第 170 行.

[ 2014-09-04T20:44:05+08:00 ] 127.0.0.1 /weibo/File/upload.html
INFO: [ app_init ] --START--
INFO: Run Behavior\BuildLiteBehavior [ RunTime:0.000000s ]
INFO: [ app_init ] --END-- [ RunTime:0.000000s ]
INFO: [ app_begin ] --START--
INFO: Run Behavior\ReadHtmlCacheBehavior [ RunTime:0.000000s ]
INFO: [ app_begin ] --END-- [ RunTime:0.000000s ]
NOTIC: [2] call_user_func() expects parameter 1 to be a valid callback, no array or string given C:\wamp\www\weibo\ThinkPHP\Library\Think\Upload.class.php 第 170 行.

[ 2014-09-04T20:44:06+08:00 ] 127.0.0.1 /weibo/File/upload.html
INFO: [ app_init ] --START--
INFO: Run Behavior\BuildLiteBehavior [ RunTime:0.000000s ]
INFO: [ app_init ] --END-- [ RunTime:0.000000s ]
INFO: [ app_begin ] --START--
INFO: Run Behavior\ReadHtmlCacheBehavior [ RunTime:0.000000s ]
INFO: [ app_begin ] --END-- [ RunTime:0.000000s ]
NOTIC: [2] call_user_func() expects parameter 1 to be a valid callback, no array or string given C:\wamp\www\weibo\ThinkPHP\Library\Think\Upload.class.php 第 170 行.

[ 2014-09-04T20:44:07+08:00 ] 127.0.0.1 /weibo/File/upload.html
INFO: [ app_init ] --START--
INFO: Run Behavior\BuildLiteBehavior [ RunTime:0.000000s ]
INFO: [ app_init ] --END-- [ RunTime:0.000000s ]
INFO: [ app_begin ] --START--
INFO: Run Behavior\ReadHtmlCacheBehavior [ RunTime:0.000000s ]
INFO: [ app_begin ] --END-- [ RunTime:0.000000s ]
NOTIC: [2] call_user_func() expects parameter 1 to be a valid callback, no array or string given C:\wamp\www\weibo\ThinkPHP\Library\Think\Upload.class.php 第 170 行.

[ 2014-09-04T20:44:07+08:00 ] 127.0.0.1 /weibo/File/upload.html
INFO: [ app_init ] --START--
INFO: Run Behavior\BuildLiteBehavior [ RunTime:0.000000s ]
INFO: [ app_init ] --END-- [ RunTime:0.000000s ]
INFO: [ app_begin ] --START--
INFO: Run Behavior\ReadHtmlCacheBehavior [ RunTime:0.015625s ]
INFO: [ app_begin ] --END-- [ RunTime:0.015625s ]
NOTIC: [2] call_user_func() expects parameter 1 to be a valid callback, no array or string given C:\wamp\www\weibo\ThinkPHP\Library\Think\Upload.class.php 第 170 行.

[ 2014-09-04T20:44:08+08:00 ] 127.0.0.1 /weibo/File/upload.html
INFO: [ app_init ] --START--
INFO: Run Behavior\BuildLiteBehavior [ RunTime:0.000000s ]
INFO: [ app_init ] --END-- [ RunTime:0.000000s ]
INFO: [ app_begin ] --START--
INFO: Run Behavior\ReadHtmlCacheBehavior [ RunTime:0.000000s ]
INFO: [ app_begin ] --END-- [ RunTime:0.000000s ]
NOTIC: [2] call_user_func() expects parameter 1 to be a valid callback, no array or string given C:\wamp\www\weibo\ThinkPHP\Library\Think\Upload.class.php 第 170 行.

[ 2014-09-04T20:44:08+08:00 ] 127.0.0.1 /weibo/File/upload.html
INFO: [ app_init ] --START--
INFO: Run Behavior\BuildLiteBehavior [ RunTime:0.000000s ]
INFO: [ app_init ] --END-- [ RunTime:0.000000s ]
INFO: [ app_begin ] --START--
INFO: Run Behavior\ReadHtmlCacheBehavior [ RunTime:0.000000s ]
INFO: [ app_begin ] --END-- [ RunTime:0.000000s ]
NOTIC: [2] call_user_func() expects parameter 1 to be a valid callback, no array or string given C:\wamp\www\weibo\ThinkPHP\Library\Think\Upload.class.php 第 170 行.

[ 2014-09-04T20:44:11+08:00 ] 127.0.0.1 /weibo/Home/Topic/publish
INFO: [ app_init ] --START--
INFO: Run Behavior\BuildLiteBehavior [ RunTime:0.000000s ]
INFO: [ app_init ] --END-- [ RunTime:0.000000s ]
INFO: [ app_begin ] --START--
INFO: Run Behavior\ReadHtmlCacheBehavior [ RunTime:0.015625s ]
INFO: [ app_begin ] --END-- [ RunTime:0.015625s ]
SQL: DESCRIBE weibo_image [ RunTime:0.015625s ]
SQL: INSERT INTO `weibo_image` (`data`) VALUES ('{\"thumb\":\".\\/Uploads\\/2014-09-04\\/180_54085e9407a12.jpg\",\"unfold\":\".\\/Uploads\\/2014-09-04\\/550_54085e9407a12.jpg\",\"source\":\".\\/Uploads\\/2014-09-04\\/54085e9407a12.jpg\"}') [ RunTime:0.000000s ]
SQL: INSERT INTO `weibo_image` (`data`) VALUES ('{\"thumb\":\".\\/Uploads\\/2014-09-04\\/180_54085e94a4083.jpg\",\"unfold\":\".\\/Uploads\\/2014-09-04\\/550_54085e94a4083.jpg\",\"source\":\".\\/Uploads\\/2014-09-04\\/54085e94a4083.jpg\"}') [ RunTime:0.000000s ]
SQL: INSERT INTO `weibo_image` (`data`) VALUES ('{\"thumb\":\".\\/Uploads\\/2014-09-04\\/180_54085e95487ab.jpg\",\"unfold\":\".\\/Uploads\\/2014-09-04\\/550_54085e95487ab.jpg\",\"source\":\".\\/Uploads\\/2014-09-04\\/54085e95487ab.jpg\"}') [ RunTime:0.000000s ]
SQL: INSERT INTO `weibo_image` (`data`) VALUES ('{\"thumb\":\".\\/Uploads\\/2014-09-04\\/180_54085e95d9701.jpg\",\"unfold\":\".\\/Uploads\\/2014-09-04\\/550_54085e95d9701.jpg\",\"source\":\".\\/Uploads\\/2014-09-04\\/54085e95d9701.jpg\"}') [ RunTime:0.000000s ]
SQL: INSERT INTO `weibo_image` (`data`) VALUES ('{\"thumb\":\".\\/Uploads\\/2014-09-04\\/180_54085e967de29.jpg\",\"unfold\":\".\\/Uploads\\/2014-09-04\\/550_54085e967de29.jpg\",\"source\":\".\\/Uploads\\/2014-09-04\\/54085e967de29.jpg\"}') [ RunTime:0.000000s ]
SQL: INSERT INTO `weibo_image` (`data`) VALUES ('{\"thumb\":\".\\/Uploads\\/2014-09-04\\/180_54085e972dc6c.jpg\",\"unfold\":\".\\/Uploads\\/2014-09-04\\/550_54085e972dc6c.jpg\",\"source\":\".\\/Uploads\\/2014-09-04\\/54085e972dc6c.jpg\"}') [ RunTime:0.000000s ]
SQL: INSERT INTO `weibo_image` (`data`) VALUES ('{\"thumb\":\".\\/Uploads\\/2014-09-04\\/180_54085e97c65d4.jpg\",\"unfold\":\".\\/Uploads\\/2014-09-04\\/550_54085e97c65d4.jpg\",\"source\":\".\\/Uploads\\/2014-09-04\\/54085e97c65d4.jpg\"}') [ RunTime:0.000000s ]
SQL: INSERT INTO `weibo_image` (`data`) VALUES ('{\"thumb\":\".\\/Uploads\\/2014-09-04\\/180_54085e9866ff3.jpg\",\"unfold\":\".\\/Uploads\\/2014-09-04\\/550_54085e9866ff3.jpg\",\"source\":\".\\/Uploads\\/2014-09-04\\/54085e9866ff3.jpg\"}') [ RunTime:0.000000s ]
SQL: DESCRIBE weibo_topic [ RunTime:0.015625s ]
SQL: INSERT INTO `weibo_topic` (`content`,`ip`,`uid`,`iid`,`create`) VALUES ('分享图片',2130706433,7,'43,44,45,46,47,48,49,50',1409834651) [ RunTime:0.000000s ]
INFO: [ app_end ] --START--
INFO: Run Behavior\ShowPageTraceBehavior [ RunTime:0.000000s ]
INFO: [ app_end ] --END-- [ RunTime:0.000000s ]

[ 2014-09-04T20:44:13+08:00 ] 127.0.0.1 /weibo/
INFO: [ app_init ] --START--
INFO: Run Behavior\BuildLiteBehavior [ RunTime:0.000000s ]
INFO: [ app_init ] --END-- [ RunTime:0.000000s ]
INFO: [ app_begin ] --START--
INFO: Run Behavior\ReadHtmlCacheBehavior [ RunTime:0.000000s ]
INFO: [ app_begin ] --END-- [ RunTime:0.000000s ]
INFO: [ view_parse ] --START--
INFO: [ template_filter ] --START--
INFO: Run Behavior\ContentReplaceBehavior [ RunTime:0.000000s ]
INFO: [ template_filter ] --END-- [ RunTime:0.000000s ]
INFO: Run Behavior\ParseTemplateBehavior [ RunTime:0.015625s ]
INFO: [ view_parse ] --END-- [ RunTime:0.015625s ]
INFO: [ view_filter ] --START--
INFO: Run Behavior\WriteHtmlCacheBehavior [ RunTime:0.000000s ]
INFO: [ view_filter ] --END-- [ RunTime:0.000000s ]
INFO: [ app_end ] --START--
INFO: Run Behavior\ShowPageTraceBehavior [ RunTime:0.015625s ]
INFO: [ app_end ] --END-- [ RunTime:0.015625s ]

[ 2014-09-04T20:45:54+08:00 ] 127.0.0.1 /weibo/
INFO: [ app_init ] --START--
INFO: Run Behavior\BuildLiteBehavior [ RunTime:0.000000s ]
INFO: [ app_init ] --END-- [ RunTime:0.000000s ]
INFO: [ app_begin ] --START--
INFO: Run Behavior\ReadHtmlCacheBehavior [ RunTime:0.015625s ]
INFO: [ app_begin ] --END-- [ RunTime:0.015625s ]
INFO: [ view_parse ] --START--
INFO: [ template_filter ] --START--
INFO: Run Behavior\ContentReplaceBehavior [ RunTime:0.000000s ]
INFO: [ template_filter ] --END-- [ RunTime:0.000000s ]
INFO: Run Behavior\ParseTemplateBehavior [ RunTime:0.015625s ]
INFO: [ view_parse ] --END-- [ RunTime:0.015625s ]
INFO: [ view_filter ] --START--
INFO: Run Behavior\WriteHtmlCacheBehavior [ RunTime:0.000000s ]
INFO: [ view_filter ] --END-- [ RunTime:0.000000s ]
INFO: [ app_end ] --START--
INFO: Run Behavior\ShowPageTraceBehavior [ RunTime:0.000000s ]
INFO: [ app_end ] --END-- [ RunTime:0.000000s ]

[ 2014-09-04T20:45:57+08:00 ] 127.0.0.1 /weibo/
INFO: [ app_init ] --START--
INFO: Run Behavior\BuildLiteBehavior [ RunTime:0.000000s ]
INFO: [ app_init ] --END-- [ RunTime:0.000000s ]
INFO: [ app_begin ] --START--
INFO: Run Behavior\ReadHtmlCacheBehavior [ RunTime:0.000000s ]
INFO: [ app_begin ] --END-- [ RunTime:0.000000s ]
INFO: [ view_parse ] --START--
INFO: [ template_filter ] --START--
INFO: Run Behavior\ContentReplaceBehavior [ RunTime:0.000000s ]
INFO: [ template_filter ] --END-- [ RunTime:0.000000s ]
INFO: Run Behavior\ParseTemplateBehavior [ RunTime:0.015625s ]
INFO: [ view_parse ] --END-- [ RunTime:0.015625s ]
INFO: [ view_filter ] --START--
INFO: Run Behavior\WriteHtmlCacheBehavior [ RunTime:0.000000s ]
INFO: [ view_filter ] --END-- [ RunTime:0.000000s ]
INFO: [ app_end ] --START--
INFO: Run Behavior\ShowPageTraceBehavior [ RunTime:0.000000s ]
INFO: [ app_end ] --END-- [ RunTime:0.000000s ]

[ 2014-09-04T20:46:03+08:00 ] 127.0.0.1 /weibo/File/upload.html
INFO: [ app_init ] --START--
INFO: Run Behavior\BuildLiteBehavior [ RunTime:0.000000s ]
INFO: [ app_init ] --END-- [ RunTime:0.000000s ]
INFO: [ app_begin ] --START--
INFO: Run Behavior\ReadHtmlCacheBehavior [ RunTime:0.000000s ]
INFO: [ app_begin ] --END-- [ RunTime:0.000000s ]
NOTIC: [2] call_user_func() expects parameter 1 to be a valid callback, no array or string given C:\wamp\www\weibo\ThinkPHP\Library\Think\Upload.class.php 第 170 行.

[ 2014-09-04T20:46:04+08:00 ] 127.0.0.1 /weibo/File/upload.html
INFO: [ app_init ] --START--
INFO: Run Behavior\BuildLiteBehavior [ RunTime:0.000000s ]
INFO: [ app_init ] --END-- [ RunTime:0.000000s ]
INFO: [ app_begin ] --START--
INFO: Run Behavior\ReadHtmlCacheBehavior [ RunTime:0.000000s ]
INFO: [ app_begin ] --END-- [ RunTime:0.000000s ]
NOTIC: [2] call_user_func() expects parameter 1 to be a valid callback, no array or string given C:\wamp\www\weibo\ThinkPHP\Library\Think\Upload.class.php 第 170 行.

[ 2014-09-04T20:46:05+08:00 ] 127.0.0.1 /weibo/File/upload.html
INFO: [ app_init ] --START--
INFO: Run Behavior\BuildLiteBehavior [ RunTime:0.000000s ]
INFO: [ app_init ] --END-- [ RunTime:0.000000s ]
INFO: [ app_begin ] --START--
INFO: Run Behavior\ReadHtmlCacheBehavior [ RunTime:0.000000s ]
INFO: [ app_begin ] --END-- [ RunTime:0.000000s ]
NOTIC: [2] call_user_func() expects parameter 1 to be a valid callback, no array or string given C:\wamp\www\weibo\ThinkPHP\Library\Think\Upload.class.php 第 170 行.

[ 2014-09-04T20:46:06+08:00 ] 127.0.0.1 /weibo/File/upload.html
INFO: [ app_init ] --START--
INFO: Run Behavior\BuildLiteBehavior [ RunTime:0.000000s ]
INFO: [ app_init ] --END-- [ RunTime:0.000000s ]
INFO: [ app_begin ] --START--
INFO: Run Behavior\ReadHtmlCacheBehavior [ RunTime:0.000000s ]
INFO: [ app_begin ] --END-- [ RunTime:0.000000s ]
NOTIC: [2] call_user_func() expects parameter 1 to be a valid callback, no array or string given C:\wamp\www\weibo\ThinkPHP\Library\Think\Upload.class.php 第 170 行.

[ 2014-09-04T20:46:06+08:00 ] 127.0.0.1 /weibo/File/upload.html
INFO: [ app_init ] --START--
INFO: Run Behavior\BuildLiteBehavior [ RunTime:0.000000s ]
INFO: [ app_init ] --END-- [ RunTime:0.000000s ]
INFO: [ app_begin ] --START--
INFO: Run Behavior\ReadHtmlCacheBehavior [ RunTime:0.000000s ]
INFO: [ app_begin ] --END-- [ RunTime:0.000000s ]
NOTIC: [2] call_user_func() expects parameter 1 to be a valid callback, no array or string given C:\wamp\www\weibo\ThinkPHP\Library\Think\Upload.class.php 第 170 行.

[ 2014-09-04T20:46:07+08:00 ] 127.0.0.1 /weibo/File/upload.html
INFO: [ app_init ] --START--
INFO: Run Behavior\BuildLiteBehavior [ RunTime:0.000000s ]
INFO: [ app_init ] --END-- [ RunTime:0.000000s ]
INFO: [ app_begin ] --START--
INFO: Run Behavior\ReadHtmlCacheBehavior [ RunTime:0.000000s ]
INFO: [ app_begin ] --END-- [ RunTime:0.000000s ]
NOTIC: [2] call_user_func() expects parameter 1 to be a valid callback, no array or string given C:\wamp\www\weibo\ThinkPHP\Library\Think\Upload.class.php 第 170 行.

[ 2014-09-04T20:46:07+08:00 ] 127.0.0.1 /weibo/File/upload.html
INFO: [ app_init ] --START--
INFO: Run Behavior\BuildLiteBehavior [ RunTime:0.000000s ]
INFO: [ app_init ] --END-- [ RunTime:0.000000s ]
INFO: [ app_begin ] --START--
INFO: Run Behavior\ReadHtmlCacheBehavior [ RunTime:0.000000s ]
INFO: [ app_begin ] --END-- [ RunTime:0.000000s ]
NOTIC: [2] call_user_func() expects parameter 1 to be a valid callback, no array or string given C:\wamp\www\weibo\ThinkPHP\Library\Think\Upload.class.php 第 170 行.

[ 2014-09-04T20:46:08+08:00 ] 127.0.0.1 /weibo/File/upload.html
INFO: [ app_init ] --START--
INFO: Run Behavior\BuildLiteBehavior [ RunTime:0.000000s ]
INFO: [ app_init ] --END-- [ RunTime:0.015625s ]
INFO: [ app_begin ] --START--
INFO: Run Behavior\ReadHtmlCacheBehavior [ RunTime:0.000000s ]
INFO: [ app_begin ] --END-- [ RunTime:0.000000s ]
NOTIC: [2] call_user_func() expects parameter 1 to be a valid callback, no array or string given C:\wamp\www\weibo\ThinkPHP\Library\Think\Upload.class.php 第 170 行.

[ 2014-09-04T20:46:10+08:00 ] 127.0.0.1 /weibo/Home/Topic/publish
INFO: [ app_init ] --START--
INFO: Run Behavior\BuildLiteBehavior [ RunTime:0.000000s ]
INFO: [ app_init ] --END-- [ RunTime:0.000000s ]
INFO: [ app_begin ] --START--
INFO: Run Behavior\ReadHtmlCacheBehavior [ RunTime:0.000000s ]
INFO: [ app_begin ] --END-- [ RunTime:0.000000s ]
SQL: DESCRIBE weibo_image [ RunTime:0.000000s ]
SQL: INSERT INTO `weibo_image` (`data`) VALUES ('{\"thumb\":\".\\/Uploads\\/2014-09-04\\/180_54085f0b5b8d8.jpg\",\"unfold\":\".\\/Uploads\\/2014-09-04\\/550_54085f0b5b8d8.jpg\",\"source\":\".\\/Uploads\\/2014-09-04\\/54085f0b5b8d8.jpg\"}') [ RunTime:0.015625s ]
SQL: INSERT INTO `weibo_image` (`data`) VALUES ('{\"thumb\":\".\\/Uploads\\/2014-09-04\\/180_54085f0c07a12.jpg\",\"unfold\":\".\\/Uploads\\/2014-09-04\\/550_54085f0c07a12.jpg\",\"source\":\".\\/Uploads\\/2014-09-04\\/54085f0c07a12.jpg\"}') [ RunTime:0.000000s ]
SQL: INSERT INTO `weibo_image` (`data`) VALUES ('{\"thumb\":\".\\/Uploads\\/2014-09-04\\/180_54085f0ca7d8c.jpg\",\"unfold\":\".\\/Uploads\\/2014-09-04\\/550_54085f0ca7d8c.jpg\",\"source\":\".\\/Uploads\\/2014-09-04\\/54085f0ca7d8c.jpg\"}') [ RunTime:0.000000s ]
SQL: INSERT INTO `weibo_image` (`data`) VALUES ('{\"thumb\":\".\\/Uploads\\/2014-09-04\\/180_54085f0d7a120.jpg\",\"unfold\":\".\\/Uploads\\/2014-09-04\\/550_54085f0d7a120.jpg\",\"source\":\".\\/Uploads\\/2014-09-04\\/54085f0d7a120.jpg\"}') [ RunTime:0.000000s ]
SQL: INSERT INTO `weibo_image` (`data`) VALUES ('{\"thumb\":\".\\/Uploads\\/2014-09-04\\/180_54085f0e22551.jpg\",\"unfold\":\".\\/Uploads\\/2014-09-04\\/550_54085f0e22551.jpg\",\"source\":\".\\/Uploads\\/2014-09-04\\/54085f0e22551.jpg\"}') [ RunTime:0.000000s ]
SQL: INSERT INTO `weibo_image` (`data`) VALUES ('{\"thumb\":\".\\/Uploads\\/2014-09-04\\/180_54085f0ebaeb9.jpg\",\"unfold\":\".\\/Uploads\\/2014-09-04\\/550_54085f0ebaeb9.jpg\",\"source\":\".\\/Uploads\\/2014-09-04\\/54085f0ebaeb9.jpg\"}') [ RunTime:0.000000s ]
SQL: INSERT INTO `weibo_image` (`data`) VALUES ('{\"thumb\":\".\\/Uploads\\/2014-09-04\\/180_54085f0f57bcf.jpg\",\"unfold\":\".\\/Uploads\\/2014-09-04\\/550_54085f0f57bcf.jpg\",\"source\":\".\\/Uploads\\/2014-09-04\\/54085f0f57bcf.jpg\"}') [ RunTime:0.000000s ]
SQL: INSERT INTO `weibo_image` (`data`) VALUES ('{\"thumb\":\".\\/Uploads\\/2014-09-04\\/180_54085f0fec82e.jpg\",\"unfold\":\".\\/Uploads\\/2014-09-04\\/550_54085f0fec82e.jpg\",\"source\":\".\\/Uploads\\/2014-09-04\\/54085f0fec82e.jpg\"}') [ RunTime:0.000000s ]
SQL: DESCRIBE weibo_topic [ RunTime:0.000000s ]
SQL: INSERT INTO `weibo_topic` (`content`,`ip`,`uid`,`iid`,`create`) VALUES ('分享图片',2130706433,7,'51,52,53,54,55,56,57,58',1409834770) [ RunTime:0.000000s ]
INFO: [ app_end ] --START--
INFO: Run Behavior\ShowPageTraceBehavior [ RunTime:0.000000s ]
INFO: [ app_end ] --END-- [ RunTime:0.000000s ]

[ 2014-09-04T20:46:12+08:00 ] 127.0.0.1 /weibo/
INFO: [ app_init ] --START--
INFO: Run Behavior\BuildLiteBehavior [ RunTime:0.000000s ]
INFO: [ app_init ] --END-- [ RunTime:0.000000s ]
INFO: [ app_begin ] --START--
INFO: Run Behavior\ReadHtmlCacheBehavior [ RunTime:0.000000s ]
INFO: [ app_begin ] --END-- [ RunTime:0.000000s ]
INFO: [ view_parse ] --START--
INFO: [ template_filter ] --START--
INFO: Run Behavior\ContentReplaceBehavior [ RunTime:0.000000s ]
INFO: [ template_filter ] --END-- [ RunTime:0.000000s ]
INFO: Run Behavior\ParseTemplateBehavior [ RunTime:0.031250s ]
INFO: [ view_parse ] --END-- [ RunTime:0.031250s ]
INFO: [ view_filter ] --START--
INFO: Run Behavior\WriteHtmlCacheBehavior [ RunTime:0.000000s ]
INFO: [ view_filter ] --END-- [ RunTime:0.000000s ]
INFO: [ app_end ] --START--
INFO: Run Behavior\ShowPageTraceBehavior [ RunTime:0.000000s ]
INFO: [ app_end ] --END-- [ RunTime:0.000000s ]

[ 2014-09-04T20:46:14+08:00 ] 127.0.0.1 /weibo/File/upload.html
INFO: [ app_init ] --START--
INFO: Run Behavior\BuildLiteBehavior [ RunTime:0.000000s ]
INFO: [ app_init ] --END-- [ RunTime:0.000000s ]
INFO: [ app_begin ] --START--
INFO: Run Behavior\ReadHtmlCacheBehavior [ RunTime:0.000000s ]
INFO: [ app_begin ] --END-- [ RunTime:0.000000s ]
NOTIC: [2] call_user_func() expects parameter 1 to be a valid callback, no array or string given C:\wamp\www\weibo\ThinkPHP\Library\Think\Upload.class.php 第 170 行.

[ 2014-09-04T20:46:18+08:00 ] 127.0.0.1 /weibo/
INFO: [ app_init ] --START--
INFO: Run Behavior\BuildLiteBehavior [ RunTime:0.000000s ]
INFO: [ app_init ] --END-- [ RunTime:0.000000s ]
INFO: [ app_begin ] --START--
INFO: Run Behavior\ReadHtmlCacheBehavior [ RunTime:0.000000s ]
INFO: [ app_begin ] --END-- [ RunTime:0.000000s ]
INFO: [ view_parse ] --START--
INFO: [ template_filter ] --START--
INFO: Run Behavior\ContentReplaceBehavior [ RunTime:0.000000s ]
INFO: [ template_filter ] --END-- [ RunTime:0.000000s ]
INFO: Run Behavior\ParseTemplateBehavior [ RunTime:0.031250s ]
INFO: [ view_parse ] --END-- [ RunTime:0.031250s ]
INFO: [ view_filter ] --START--
INFO: Run Behavior\WriteHtmlCacheBehavior [ RunTime:0.000000s ]
INFO: [ view_filter ] --END-- [ RunTime:0.000000s ]
INFO: [ app_end ] --START--
INFO: Run Behavior\ShowPageTraceBehavior [ RunTime:0.000000s ]
INFO: [ app_end ] --END-- [ RunTime:0.000000s ]

[ 2014-09-04T20:51:33+08:00 ] 127.0.0.1 /weibo/
INFO: [ app_init ] --START--
INFO: Run Behavior\BuildLiteBehavior [ RunTime:0.000000s ]
INFO: [ app_init ] --END-- [ RunTime:0.000000s ]
INFO: [ app_begin ] --START--
INFO: Run Behavior\ReadHtmlCacheBehavior [ RunTime:0.000000s ]
INFO: [ app_begin ] --END-- [ RunTime:0.000000s ]
INFO: [ view_parse ] --START--
INFO: [ template_filter ] --START--
INFO: Run Behavior\ContentReplaceBehavior [ RunTime:0.000000s ]
INFO: [ template_filter ] --END-- [ RunTime:0.000000s ]
INFO: Run Behavior\ParseTemplateBehavior [ RunTime:0.031250s ]
INFO: [ view_parse ] --END-- [ RunTime:0.031250s ]
INFO: [ view_filter ] --START--
INFO: Run Behavior\WriteHtmlCacheBehavior [ RunTime:0.000000s ]
INFO: [ view_filter ] --END-- [ RunTime:0.000000s ]
INFO: [ app_end ] --START--
INFO: Run Behavior\ShowPageTraceBehavior [ RunTime:0.000000s ]
INFO: [ app_end ] --END-- [ RunTime:0.000000s ]

[ 2014-09-04T20:51:46+08:00 ] 127.0.0.1 /weibo/
INFO: [ app_init ] --START--
INFO: Run Behavior\BuildLiteBehavior [ RunTime:0.000000s ]
INFO: [ app_init ] --END-- [ RunTime:0.000000s ]
INFO: [ app_begin ] --START--
INFO: Run Behavior\ReadHtmlCacheBehavior [ RunTime:0.000000s ]
INFO: [ app_begin ] --END-- [ RunTime:0.000000s ]
INFO: [ view_parse ] --START--
INFO: [ template_filter ] --START--
INFO: Run Behavior\ContentReplaceBehavior [ RunTime:0.000000s ]
INFO: [ template_filter ] --END-- [ RunTime:0.000000s ]
INFO: Run Behavior\ParseTemplateBehavior [ RunTime:0.015625s ]
INFO: [ view_parse ] --END-- [ RunTime:0.015625s ]
INFO: [ view_filter ] --START--
INFO: Run Behavior\WriteHtmlCacheBehavior [ RunTime:0.000000s ]
INFO: [ view_filter ] --END-- [ RunTime:0.000000s ]
INFO: [ app_end ] --START--
INFO: Run Behavior\ShowPageTraceBehavior [ RunTime:0.000000s ]
INFO: [ app_end ] --END-- [ RunTime:0.000000s ]

[ 2014-09-04T20:51:51+08:00 ] 127.0.0.1 /weibo/File/upload.html
INFO: [ app_init ] --START--
INFO: Run Behavior\BuildLiteBehavior [ RunTime:0.000000s ]
INFO: [ app_init ] --END-- [ RunTime:0.000000s ]
INFO: [ app_begin ] --START--
INFO: Run Behavior\ReadHtmlCacheBehavior [ RunTime:0.000000s ]
INFO: [ app_begin ] --END-- [ RunTime:0.000000s ]
NOTIC: [2] call_user_func() expects parameter 1 to be a valid callback, no array or string given C:\wamp\www\weibo\ThinkPHP\Library\Think\Upload.class.php 第 170 行.

[ 2014-09-04T20:51:52+08:00 ] 127.0.0.1 /weibo/File/upload.html
INFO: [ app_init ] --START--
INFO: Run Behavior\BuildLiteBehavior [ RunTime:0.000000s ]
INFO: [ app_init ] --END-- [ RunTime:0.000000s ]
INFO: [ app_begin ] --START--
INFO: Run Behavior\ReadHtmlCacheBehavior [ RunTime:0.000000s ]
INFO: [ app_begin ] --END-- [ RunTime:0.000000s ]
NOTIC: [2] call_user_func() expects parameter 1 to be a valid callback, no array or string given C:\wamp\www\weibo\ThinkPHP\Library\Think\Upload.class.php 第 170 行.

[ 2014-09-04T20:51:52+08:00 ] 127.0.0.1 /weibo/File/upload.html
INFO: [ app_init ] --START--
INFO: Run Behavior\BuildLiteBehavior [ RunTime:0.015625s ]
INFO: [ app_init ] --END-- [ RunTime:0.015625s ]
INFO: [ app_begin ] --START--
INFO: Run Behavior\ReadHtmlCacheBehavior [ RunTime:0.000000s ]
INFO: [ app_begin ] --END-- [ RunTime:0.000000s ]
NOTIC: [2] call_user_func() expects parameter 1 to be a valid callback, no array or string given C:\wamp\www\weibo\ThinkPHP\Library\Think\Upload.class.php 第 170 行.

[ 2014-09-04T20:51:53+08:00 ] 127.0.0.1 /weibo/File/upload.html
INFO: [ app_init ] --START--
INFO: Run Behavior\BuildLiteBehavior [ RunTime:0.000000s ]
INFO: [ app_init ] --END-- [ RunTime:0.000000s ]
INFO: [ app_begin ] --START--
INFO: Run Behavior\ReadHtmlCacheBehavior [ RunTime:0.000000s ]
INFO: [ app_begin ] --END-- [ RunTime:0.000000s ]
NOTIC: [2] call_user_func() expects parameter 1 to be a valid callback, no array or string given C:\wamp\www\weibo\ThinkPHP\Library\Think\Upload.class.php 第 170 行.

[ 2014-09-04T20:51:54+08:00 ] 127.0.0.1 /weibo/File/upload.html
INFO: [ app_init ] --START--
INFO: Run Behavior\BuildLiteBehavior [ RunTime:0.000000s ]
INFO: [ app_init ] --END-- [ RunTime:0.000000s ]
INFO: [ app_begin ] --START--
INFO: Run Behavior\ReadHtmlCacheBehavior [ RunTime:0.000000s ]
INFO: [ app_begin ] --END-- [ RunTime:0.000000s ]
NOTIC: [2] call_user_func() expects parameter 1 to be a valid callback, no array or string given C:\wamp\www\weibo\ThinkPHP\Library\Think\Upload.class.php 第 170 行.

[ 2014-09-04T20:51:54+08:00 ] 127.0.0.1 /weibo/File/upload.html
INFO: [ app_init ] --START--
INFO: Run Behavior\BuildLiteBehavior [ RunTime:0.000000s ]
INFO: [ app_init ] --END-- [ RunTime:0.000000s ]
INFO: [ app_begin ] --START--
INFO: Run Behavior\ReadHtmlCacheBehavior [ RunTime:0.000000s ]
INFO: [ app_begin ] --END-- [ RunTime:0.000000s ]
NOTIC: [2] call_user_func() expects parameter 1 to be a valid callback, no array or string given C:\wamp\www\weibo\ThinkPHP\Library\Think\Upload.class.php 第 170 行.

[ 2014-09-04T20:51:55+08:00 ] 127.0.0.1 /weibo/File/upload.html
INFO: [ app_init ] --START--
INFO: Run Behavior\BuildLiteBehavior [ RunTime:0.000000s ]
INFO: [ app_init ] --END-- [ RunTime:0.000000s ]
INFO: [ app_begin ] --START--
INFO: Run Behavior\ReadHtmlCacheBehavior [ RunTime:0.000000s ]
INFO: [ app_begin ] --END-- [ RunTime:0.000000s ]
NOTIC: [2] call_user_func() expects parameter 1 to be a valid callback, no array or string given C:\wamp\www\weibo\ThinkPHP\Library\Think\Upload.class.php 第 170 行.

[ 2014-09-04T20:51:56+08:00 ] 127.0.0.1 /weibo/File/upload.html
INFO: [ app_init ] --START--
INFO: Run Behavior\BuildLiteBehavior [ RunTime:0.000000s ]
INFO: [ app_init ] --END-- [ RunTime:0.000000s ]
INFO: [ app_begin ] --START--
INFO: Run Behavior\ReadHtmlCacheBehavior [ RunTime:0.000000s ]
INFO: [ app_begin ] --END-- [ RunTime:0.000000s ]
NOTIC: [2] call_user_func() expects parameter 1 to be a valid callback, no array or string given C:\wamp\www\weibo\ThinkPHP\Library\Think\Upload.class.php 第 170 行.

[ 2014-09-04T20:51:57+08:00 ] 127.0.0.1 /weibo/Home/Topic/publish
INFO: [ app_init ] --START--
INFO: Run Behavior\BuildLiteBehavior [ RunTime:0.000000s ]
INFO: [ app_init ] --END-- [ RunTime:0.000000s ]
INFO: [ app_begin ] --START--
INFO: Run Behavior\ReadHtmlCacheBehavior [ RunTime:0.000000s ]
INFO: [ app_begin ] --END-- [ RunTime:0.000000s ]
SQL: DESCRIBE weibo_topic [ RunTime:0.015625s ]
SQL: INSERT INTO `weibo_topic` (`content`,`ip`,`uid`,`create`) VALUES ('分享图片',2130706433,7,1409835117) [ RunTime:0.000000s ]
SQL: DESCRIBE weibo_image [ RunTime:0.000000s ]
SQL: INSERT INTO `weibo_image` (`data`,`tid`) VALUES ('{\"thumb\":\".\\/Uploads\\/2014-09-04\\/180_5408606703d09.jpg\",\"unfold\":\".\\/Uploads\\/2014-09-04\\/550_5408606703d09.jpg\",\"source\":\".\\/Uploads\\/2014-09-04\\/5408606703d09.jpg\"}',39) [ RunTime:0.000000s ]
SQL: INSERT INTO `weibo_image` (`data`,`tid`) VALUES ('{\"thumb\":\".\\/Uploads\\/2014-09-04\\/180_54086067a7d8c.jpg\",\"unfold\":\".\\/Uploads\\/2014-09-04\\/550_54086067a7d8c.jpg\",\"source\":\".\\/Uploads\\/2014-09-04\\/54086067a7d8c.jpg\"}',39) [ RunTime:0.000000s ]
SQL: INSERT INTO `weibo_image` (`data`,`tid`) VALUES ('{\"thumb\":\".\\/Uploads\\/2014-09-04\\/180_540860684c4b4.jpg\",\"unfold\":\".\\/Uploads\\/2014-09-04\\/550_540860684c4b4.jpg\",\"source\":\".\\/Uploads\\/2014-09-04\\/540860684c4b4.jpg\"}',39) [ RunTime:0.000000s ]
SQL: INSERT INTO `weibo_image` (`data`,`tid`) VALUES ('{\"thumb\":\".\\/Uploads\\/2014-09-04\\/180_54086068e1113.jpg\",\"unfold\":\".\\/Uploads\\/2014-09-04\\/550_54086068e1113.jpg\",\"source\":\".\\/Uploads\\/2014-09-04\\/54086068e1113.jpg\"}',39) [ RunTime:0.000000s ]
SQL: INSERT INTO `weibo_image` (`data`,`tid`) VALUES ('{\"thumb\":\".\\/Uploads\\/2014-09-04\\/180_5408606990f56.jpg\",\"unfold\":\".\\/Uploads\\/2014-09-04\\/550_5408606990f56.jpg\",\"source\":\".\\/Uploads\\/2014-09-04\\/5408606990f56.jpg\"}',39) [ RunTime:0.000000s ]
SQL: INSERT INTO `weibo_image` (`data`,`tid`) VALUES ('{\"thumb\":\".\\/Uploads\\/2014-09-04\\/180_5408606a3567e.jpg\",\"unfold\":\".\\/Uploads\\/2014-09-04\\/550_5408606a3567e.jpg\",\"source\":\".\\/Uploads\\/2014-09-04\\/5408606a3567e.jpg\"}',39) [ RunTime:0.000000s ]
SQL: INSERT INTO `weibo_image` (`data`,`tid`) VALUES ('{\"thumb\":\".\\/Uploads\\/2014-09-04\\/180_5408606b00000.jpg\",\"unfold\":\".\\/Uploads\\/2014-09-04\\/550_5408606b00000.jpg\",\"source\":\".\\/Uploads\\/2014-09-04\\/5408606b00000.jpg\"}',39) [ RunTime:0.000000s ]
SQL: INSERT INTO `weibo_image` (`data`,`tid`) VALUES ('{\"thumb\":\".\\/Uploads\\/2014-09-04\\/180_5408606b98968.jpg\",\"unfold\":\".\\/Uploads\\/2014-09-04\\/550_5408606b98968.jpg\",\"source\":\".\\/Uploads\\/2014-09-04\\/5408606b98968.jpg\"}',39) [ RunTime:0.000000s ]
INFO: [ app_end ] --START--
INFO: Run Behavior\ShowPageTraceBehavior [ RunTime:0.000000s ]
INFO: [ app_end ] --END-- [ RunTime:0.000000s ]

[ 2014-09-04T20:52:24+08:00 ] 127.0.0.1 /weibo/
INFO: [ app_init ] --START--
INFO: Run Behavior\BuildLiteBehavior [ RunTime:0.000000s ]
INFO: [ app_init ] --END-- [ RunTime:0.000000s ]
INFO: [ app_begin ] --START--
INFO: Run Behavior\ReadHtmlCacheBehavior [ RunTime:0.000000s ]
INFO: [ app_begin ] --END-- [ RunTime:0.000000s ]
INFO: [ view_parse ] --START--
INFO: [ template_filter ] --START--
INFO: Run Behavior\ContentReplaceBehavior [ RunTime:0.000000s ]
INFO: [ template_filter ] --END-- [ RunTime:0.000000s ]
INFO: Run Behavior\ParseTemplateBehavior [ RunTime:0.031250s ]
INFO: [ view_parse ] --END-- [ RunTime:0.031250s ]
INFO: [ view_filter ] --START--
INFO: Run Behavior\WriteHtmlCacheBehavior [ RunTime:0.000000s ]
INFO: [ view_filter ] --END-- [ RunTime:0.000000s ]
INFO: [ app_end ] --START--
INFO: Run Behavior\ShowPageTraceBehavior [ RunTime:0.000000s ]
INFO: [ app_end ] --END-- [ RunTime:0.000000s ]

[ 2014-09-04T20:52:28+08:00 ] 127.0.0.1 /weibo/File/upload.html
INFO: [ app_init ] --START--
INFO: Run Behavior\BuildLiteBehavior [ RunTime:0.000000s ]
INFO: [ app_init ] --END-- [ RunTime:0.000000s ]
INFO: [ app_begin ] --START--
INFO: Run Behavior\ReadHtmlCacheBehavior [ RunTime:0.000000s ]
INFO: [ app_begin ] --END-- [ RunTime:0.000000s ]
NOTIC: [2] call_user_func() expects parameter 1 to be a valid callback, no array or string given C:\wamp\www\weibo\ThinkPHP\Library\Think\Upload.class.php 第 170 行.

[ 2014-09-04T20:52:30+08:00 ] 127.0.0.1 /weibo/Home/Topic/publish
INFO: [ app_init ] --START--
INFO: Run Behavior\BuildLiteBehavior [ RunTime:0.000000s ]
INFO: [ app_init ] --END-- [ RunTime:0.000000s ]
INFO: [ app_begin ] --START--
INFO: Run Behavior\ReadHtmlCacheBehavior [ RunTime:0.000000s ]
INFO: [ app_begin ] --END-- [ RunTime:0.000000s ]
SQL: DESCRIBE weibo_topic [ RunTime:0.000000s ]
SQL: INSERT INTO `weibo_topic` (`content`,`ip`,`uid`,`create`) VALUES ('快乐，不是拥有的多，而是计较的少。感谢那些看透了我，却还一直陪在我身边的人。等待，有时候并不是相信那个人还会回来，而是因为还有爱。别人说你变了，是因为你没有按照他的想法活罢了。别人怎么看你不重要，唯一重要的是你很喜欢真实的自己。别人怎么看你不重要，重要的是你很喜欢真实的自己。',2130706433,7,1409835150) [ RunTime:0.000000s ]
SQL: DESCRIBE weibo_image [ RunTime:0.000000s ]
SQL: INSERT INTO `weibo_image` (`data`,`tid`) VALUES ('{\"thumb\":\".\\/Uploads\\/2014-09-04\\/180_5408608c632ea.jpg\",\"unfold\":\".\\/Uploads\\/2014-09-04\\/550_5408608c632ea.jpg\",\"source\":\".\\/Uploads\\/2014-09-04\\/5408608c632ea.jpg\"}',40) [ RunTime:0.000000s ]
INFO: [ app_end ] --START--
INFO: Run Behavior\ShowPageTraceBehavior [ RunTime:0.000000s ]
INFO: [ app_end ] --END-- [ RunTime:0.000000s ]

[ 2014-09-04T20:52:34+08:00 ] 127.0.0.1 /weibo/
INFO: [ app_init ] --START--
INFO: Run Behavior\BuildLiteBehavior [ RunTime:0.000000s ]
INFO: [ app_init ] --END-- [ RunTime:0.000000s ]
INFO: [ app_begin ] --START--
INFO: Run Behavior\ReadHtmlCacheBehavior [ RunTime:0.015625s ]
INFO: [ app_begin ] --END-- [ RunTime:0.015625s ]
INFO: [ view_parse ] --START--
INFO: [ template_filter ] --START--
INFO: Run Behavior\ContentReplaceBehavior [ RunTime:0.000000s ]
INFO: [ template_filter ] --END-- [ RunTime:0.000000s ]
INFO: Run Behavior\ParseTemplateBehavior [ RunTime:0.015625s ]
INFO: [ view_parse ] --END-- [ RunTime:0.015625s ]
INFO: [ view_filter ] --START--
INFO: Run Behavior\WriteHtmlCacheBehavior [ RunTime:0.000000s ]
INFO: [ view_filter ] --END-- [ RunTime:0.000000s ]
INFO: [ app_end ] --START--
INFO: Run Behavior\ShowPageTraceBehavior [ RunTime:0.000000s ]
INFO: [ app_end ] --END-- [ RunTime:0.000000s ]

[ 2014-09-04T20:52:36+08:00 ] 127.0.0.1 /weibo/File/upload.html
INFO: [ app_init ] --START--
INFO: Run Behavior\BuildLiteBehavior [ RunTime:0.000000s ]
INFO: [ app_init ] --END-- [ RunTime:0.000000s ]
INFO: [ app_begin ] --START--
INFO: Run Behavior\ReadHtmlCacheBehavior [ RunTime:0.000000s ]
INFO: [ app_begin ] --END-- [ RunTime:0.000000s ]
NOTIC: [2] call_user_func() expects parameter 1 to be a valid callback, no array or string given C:\wamp\www\weibo\ThinkPHP\Library\Think\Upload.class.php 第 170 行.

[ 2014-09-04T20:52:38+08:00 ] 127.0.0.1 /weibo/Home/Topic/publish
INFO: [ app_init ] --START--
INFO: Run Behavior\BuildLiteBehavior [ RunTime:0.000000s ]
INFO: [ app_init ] --END-- [ RunTime:0.000000s ]
INFO: [ app_begin ] --START--
INFO: Run Behavior\ReadHtmlCacheBehavior [ RunTime:0.000000s ]
INFO: [ app_begin ] --END-- [ RunTime:0.000000s ]
SQL: DESCRIBE weibo_topic [ RunTime:0.000000s ]
SQL: INSERT INTO `weibo_topic` (`content`,`ip`,`uid`,`create`) VALUES ('年轻时做事还是要有计划性，不能太重一时。一干活整天不睡觉，持久不了，有些临时突击的可以这样，但多数工作得一步步来，你太猛，到后来常难乎为继。二要考虑别人，你要让大家都和你一样干，最后大家都有意见。还是有些韧性，每天坚持，一段时间之后成绩就不小。古语说：“狂风不竟日，暴雨不终朝。”',2130706433,7,1409835158) [ RunTime:0.000000s ]
SQL: DESCRIBE weibo_image [ RunTime:0.015625s ]
SQL: INSERT INTO `weibo_image` (`data`,`tid`) VALUES ('{\"thumb\":\".\\/Uploads\\/2014-09-04\\/180_54086093ec82e.jpg\",\"unfold\":\".\\/Uploads\\/2014-09-04\\/550_54086093ec82e.jpg\",\"source\":\".\\/Uploads\\/2014-09-04\\/54086093ec82e.jpg\"}',41) [ RunTime:0.000000s ]
INFO: [ app_end ] --START--
INFO: Run Behavior\ShowPageTraceBehavior [ RunTime:0.000000s ]
INFO: [ app_end ] --END-- [ RunTime:0.000000s ]

[ 2014-09-04T20:53:13+08:00 ] 127.0.0.1 /weibo/
INFO: [ app_init ] --START--
INFO: Run Behavior\BuildLiteBehavior [ RunTime:0.000000s ]
INFO: [ app_init ] --END-- [ RunTime:0.000000s ]
INFO: [ app_begin ] --START--
INFO: Run Behavior\ReadHtmlCacheBehavior [ RunTime:0.000000s ]
INFO: [ app_begin ] --END-- [ RunTime:0.000000s ]
INFO: [ view_parse ] --START--
INFO: [ template_filter ] --START--
INFO: Run Behavior\ContentReplaceBehavior [ RunTime:0.000000s ]
INFO: [ template_filter ] --END-- [ RunTime:0.000000s ]
INFO: Run Behavior\ParseTemplateBehavior [ RunTime:0.031250s ]
INFO: [ view_parse ] --END-- [ RunTime:0.031250s ]
INFO: [ view_filter ] --START--
INFO: Run Behavior\WriteHtmlCacheBehavior [ RunTime:0.000000s ]
INFO: [ view_filter ] --END-- [ RunTime:0.000000s ]
INFO: [ app_end ] --START--
INFO: Run Behavior\ShowPageTraceBehavior [ RunTime:0.000000s ]
INFO: [ app_end ] --END-- [ RunTime:0.000000s ]

[ 2014-09-04T20:53:56+08:00 ] 127.0.0.1 /weibo/
INFO: [ app_init ] --START--
INFO: Run Behavior\BuildLiteBehavior [ RunTime:0.000000s ]
INFO: [ app_init ] --END-- [ RunTime:0.000000s ]
INFO: [ app_begin ] --START--
INFO: Run Behavior\ReadHtmlCacheBehavior [ RunTime:0.000000s ]
INFO: [ app_begin ] --END-- [ RunTime:0.000000s ]
SQL: DESCRIBE weibo_topic [ RunTime:0.000000s ]
SQL: SELECT * FROM `weibo_topic`  [ RunTime:0.000000s ]
INFO: [ view_parse ] --START--
INFO: [ template_filter ] --START--
INFO: Run Behavior\ContentReplaceBehavior [ RunTime:0.000000s ]
INFO: [ template_filter ] --END-- [ RunTime:0.015625s ]
INFO: Run Behavior\ParseTemplateBehavior [ RunTime:0.015625s ]
INFO: [ view_parse ] --END-- [ RunTime:0.015625s ]
INFO: [ view_filter ] --START--
INFO: Run Behavior\WriteHtmlCacheBehavior [ RunTime:0.000000s ]
INFO: [ view_filter ] --END-- [ RunTime:0.000000s ]
INFO: [ app_end ] --START--
INFO: Run Behavior\ShowPageTraceBehavior [ RunTime:0.000000s ]
INFO: [ app_end ] --END-- [ RunTime:0.000000s ]

[ 2014-09-04T20:55:07+08:00 ] 127.0.0.1 /weibo/
INFO: [ app_init ] --START--
INFO: Run Behavior\BuildLiteBehavior [ RunTime:0.000000s ]
INFO: [ app_init ] --END-- [ RunTime:0.000000s ]

[ 2014-09-04T20:56:54+08:00 ] 127.0.0.1 /weibo/
INFO: [ app_init ] --START--
INFO: Run Behavior\BuildLiteBehavior [ RunTime:0.000000s ]
INFO: [ app_init ] --END-- [ RunTime:0.000000s ]

[ 2014-09-04T20:57:10+08:00 ] 127.0.0.1 /weibo/
INFO: [ app_init ] --START--
INFO: Run Behavior\BuildLiteBehavior [ RunTime:0.000000s ]
INFO: [ app_init ] --END-- [ RunTime:0.000000s ]

[ 2014-09-04T20:57:46+08:00 ] 127.0.0.1 /weibo/
INFO: [ app_init ] --START--
INFO: Run Behavior\BuildLiteBehavior [ RunTime:0.000000s ]
INFO: [ app_init ] --END-- [ RunTime:0.000000s ]

[ 2014-09-04T20:58:21+08:00 ] 127.0.0.1 /weibo/
INFO: [ app_init ] --START--
INFO: Run Behavior\BuildLiteBehavior [ RunTime:0.000000s ]
INFO: [ app_init ] --END-- [ RunTime:0.000000s ]

[ 2014-09-04T20:58:31+08:00 ] 127.0.0.1 /weibo/
INFO: [ app_init ] --START--
INFO: Run Behavior\BuildLiteBehavior [ RunTime:0.000000s ]
INFO: [ app_init ] --END-- [ RunTime:0.000000s ]

[ 2014-09-04T20:59:21+08:00 ] 127.0.0.1 /weibo/
INFO: [ app_init ] --START--
INFO: Run Behavior\BuildLiteBehavior [ RunTime:0.000000s ]
INFO: [ app_init ] --END-- [ RunTime:0.000000s ]

[ 2014-09-04T20:59:41+08:00 ] 127.0.0.1 /weibo/
INFO: [ app_init ] --START--
INFO: Run Behavior\BuildLiteBehavior [ RunTime:0.000000s ]
INFO: [ app_init ] --END-- [ RunTime:0.000000s ]

[ 2014-09-04T20:59:52+08:00 ] 127.0.0.1 /weibo/
INFO: [ app_init ] --START--
INFO: Run Behavior\BuildLiteBehavior [ RunTime:0.000000s ]
INFO: [ app_init ] --END-- [ RunTime:0.015625s ]

[ 2014-09-04T21:01:38+08:00 ] 127.0.0.1 /weibo/
INFO: [ app_init ] --START--
INFO: Run Behavior\BuildLiteBehavior [ RunTime:0.000000s ]
INFO: [ app_init ] --END-- [ RunTime:0.000000s ]

[ 2014-09-04T21:02:05+08:00 ] 127.0.0.1 /weibo/
INFO: [ app_init ] --START--
INFO: Run Behavior\BuildLiteBehavior [ RunTime:0.000000s ]
INFO: [ app_init ] --END-- [ RunTime:0.015625s ]

