[ 2014-11-15T18:46:30+08:00 ] ::1 /weibo/
INFO: [ app_init ] --START--
INFO: Run Behavior\BuildLiteBehavior [ RunTime:0.000014s ]
INFO: [ app_init ] --END-- [ RunTime:0.000428s ]

[ 2014-11-15T19:35:36+08:00 ] ::1 /weibo/Home/Rbac/addRoleHandle.html
INFO: [ app_init ] --START--
INFO: Run Behavior\BuildLiteBehavior [ RunTime:0.000019s ]
INFO: [ app_init ] --END-- [ RunTime:0.000475s ]
ERR: 无法加载控制器:Rbac

[ 2014-11-15T19:36:04+08:00 ] ::1 /weibo/Home/Rbac/addRoleHandle.html
INFO: [ app_init ] --START--
INFO: Run Behavior\BuildLiteBehavior [ RunTime:0.000010s ]
INFO: [ app_init ] --END-- [ RunTime:0.000199s ]
ERR: 无法加载控制器:Rbac

[ 2014-11-15T19:37:56+08:00 ] ::1 /weibo/Home/Rbac/addRoleHandle.html
INFO: [ app_init ] --START--
INFO: Run Behavior\BuildLiteBehavior [ RunTime:0.000014s ]
INFO: [ app_init ] --END-- [ RunTime:0.000345s ]
ERR: 无法加载控制器:Rbac

[ 2014-11-15T19:38:57+08:00 ] ::1 /weibo/Home/Rbac/addRoleHandle.html
INFO: [ app_init ] --START--
INFO: Run Behavior\BuildLiteBehavior [ RunTime:0.000025s ]
INFO: [ app_init ] --END-- [ RunTime:0.010141s ]
ERR: 无法加载控制器:Rbac

